{"C:\\Users\\ruair\\Documents\\bjss\\Paired programming\\taxCalc.js": {"path":"C:\\Users\\ruair\\Documents\\bjss\\Paired programming\\taxCalc.js","statementMap":{"0":{"start":{"line":10,"column":17},"end":{"line":13,"column":2}},"1":{"start":{"line":15,"column":0},"end":{"line":22,"column":2}},"2":{"start":{"line":18,"column":14},"end":{"line":18,"column":41}},"3":{"start":{"line":19,"column":4},"end":{"line":19,"column":74}},"4":{"start":{"line":20,"column":4},"end":{"line":20,"column":21}},"5":{"start":{"line":25,"column":12},"end":{"line":25,"column":16}},"6":{"start":{"line":26,"column":2},"end":{"line":26,"column":44}},"7":{"start":{"line":28,"column":2},"end":{"line":49,"column":3}},"8":{"start":{"line":29,"column":4},"end":{"line":34,"column":17}},"9":{"start":{"line":35,"column":9},"end":{"line":49,"column":3}},"10":{"start":{"line":36,"column":4},"end":{"line":40,"column":17}},"11":{"start":{"line":41,"column":9},"end":{"line":49,"column":3}},"12":{"start":{"line":42,"column":4},"end":{"line":44,"column":6}},"13":{"start":{"line":45,"column":9},"end":{"line":49,"column":3}},"14":{"start":{"line":46,"column":4},"end":{"line":46,"column":55}},"15":{"start":{"line":47,"column":9},"end":{"line":49,"column":3}},"16":{"start":{"line":48,"column":4},"end":{"line":48,"column":12}},"17":{"start":{"line":51,"column":2},"end":{"line":51,"column":44}},"18":{"start":{"line":54,"column":0},"end":{"line":54,"column":30}}},"fnMap":{"0":{"name":"(anonymous_0)","decl":{"start":{"line":17,"column":2},"end":{"line":17,"column":3}},"loc":{"start":{"line":17,"column":21},"end":{"line":21,"column":3}},"line":17},"1":{"name":"calculateTax","decl":{"start":{"line":24,"column":9},"end":{"line":24,"column":21}},"loc":{"start":{"line":24,"column":37},"end":{"line":52,"column":1}},"line":24}},"branchMap":{"0":{"loc":{"start":{"line":28,"column":2},"end":{"line":49,"column":3}},"type":"if","locations":[{"start":{"line":28,"column":2},"end":{"line":49,"column":3}},{"start":{"line":35,"column":9},"end":{"line":49,"column":3}}],"line":28},"1":{"loc":{"start":{"line":35,"column":9},"end":{"line":49,"column":3}},"type":"if","locations":[{"start":{"line":35,"column":9},"end":{"line":49,"column":3}},{"start":{"line":41,"column":9},"end":{"line":49,"column":3}}],"line":35},"2":{"loc":{"start":{"line":41,"column":9},"end":{"line":49,"column":3}},"type":"if","locations":[{"start":{"line":41,"column":9},"end":{"line":49,"column":3}},{"start":{"line":45,"column":9},"end":{"line":49,"column":3}}],"line":41},"3":{"loc":{"start":{"line":45,"column":9},"end":{"line":49,"column":3}},"type":"if","locations":[{"start":{"line":45,"column":9},"end":{"line":49,"column":3}},{"start":{"line":47,"column":9},"end":{"line":49,"column":3}}],"line":45},"4":{"loc":{"start":{"line":47,"column":9},"end":{"line":49,"column":3}},"type":"if","locations":[{"start":{"line":47,"column":9},"end":{"line":49,"column":3}},{"start":{},"end":{}}],"line":47},"5":{"loc":{"start":{"line":51,"column":9},"end":{"line":51,"column":43}},"type":"cond-expr","locations":[{"start":{"line":51,"column":23},"end":{"line":51,"column":25}},{"start":{"line":51,"column":28},"end":{"line":51,"column":43}}],"line":51}},"s":{"0":1,"1":1,"2":0,"3":0,"4":0,"5":7,"6":7,"7":7,"8":1,"9":6,"10":1,"11":5,"12":1,"13":4,"14":1,"15":3,"16":1,"17":7,"18":1},"f":{"0":0,"1":7},"b":{"0":[1,6],"1":[1,5],"2":[1,4],"3":[1,3],"4":[1,2],"5":[2,5]},"_coverageSchema":"1a1c01bbd47fc00a2c39e90264f33305004495a9","hash":"b823459ab9d813dc24e333f4fe4f2cf20dfa4521"}
}
